# JRE version: Java(TM) SE Runtime Environment (8.0_101-b13) (build 1.8.0_101-b13)
# Java VM: Java HotSpot(TM) 64-Bit Server VM (25.101-b13 mixed mode linux-amd64 compressed oops)
Heap:
 PSYoungGen      total 275968K, used 42989K [0x00000000d6e00000, 0x00000000eba00000, 0x0000000100000000)
  eden space 232960K, 0% used [0x00000000d6e00000,0x00000000d6e00000,0x00000000e5180000)
  from space 43008K, 99% used [0x00000000e5180000,0x00000000e7b7b480,0x00000000e7b80000)
  to   space 22016K, 0% used [0x00000000e7b80000,0x00000000e7b80000,0x00000000e9100000)
 ParOldGen       total 162816K, used 86633K [0x0000000084a00000, 0x000000008e900000, 0x00000000d6e00000)
  object space 162816K, 53% used [0x0000000084a00000,0x0000000089e9a5d8,0x000000008e900000)
 Metaspace       used 13160K, capacity 13206K, committed 13312K, reserved 1060864K
  class space    used 1445K, capacity 1459K, committed 1536K, reserved 1048576K
GC Heap History (10 events):
Event: 2,650 GC heap after
Heap after GC invocations=3 (full 0):
 PSYoungGen      total 68608K, used 5110K [0x00000000d6e00000, 0x00000000df400000, 0x0000000100000000)
  eden space 63488K, 0% used [0x00000000d6e00000,0x00000000d6e00000,0x00000000dac00000)
  from space 5120K, 99% used [0x00000000dac00000,0x00000000db0fdbc8,0x00000000db100000)
  to   space 5120K, 0% used [0x00000000def00000,0x00000000def00000,0x00000000df400000)
 ParOldGen       total 84992K, used 14183K [0x0000000084a00000, 0x0000000089d00000, 0x00000000d6e00000)
  object space 84992K, 16% used [0x0000000084a00000,0x00000000857d9f40,0x0000000089d00000)
 Metaspace       used 10761K, capacity 10838K, committed 11008K, reserved 1058816K
  class space    used 1174K, capacity 1203K, committed 1280K, reserved 1048576K
}
Event: 3,000 GC heap before
{Heap before GC invocations=4 (full 0):
 PSYoungGen      total 68608K, used 68598K [0x00000000d6e00000, 0x00000000df400000, 0x0000000100000000)
  eden space 63488K, 100% used [0x00000000d6e00000,0x00000000dac00000,0x00000000dac00000)
  from space 5120K, 99% used [0x00000000dac00000,0x00000000db0fdbc8,0x00000000db100000)
  to   space 5120K, 0% used [0x00000000def00000,0x00000000def00000,0x00000000df400000)
 ParOldGen       total 84992K, used 14183K [0x0000000084a00000, 0x0000000089d00000, 0x00000000d6e00000)
  object space 84992K, 16% used [0x0000000084a00000,0x00000000857d9f40,0x0000000089d00000)
 Metaspace       used 10800K, capacity 10902K, committed 11008K, reserved 1058816K
  class space    used 1174K, capacity 1203K, committed 1280K, reserved 1048576K
Event: 3,011 GC heap after
Heap after GC invocations=4 (full 0):
 PSYoungGen      total 132096K, used 5097K [0x00000000d6e00000, 0x00000000df400000, 0x0000000100000000)
  eden space 126976K, 0% used [0x00000000d6e00000,0x00000000d6e00000,0x00000000dea00000)
  from space 5120K, 99% used [0x00000000def00000,0x00000000df3fa500,0x00000000df400000)
  to   space 5120K, 0% used [0x00000000dea00000,0x00000000dea00000,0x00000000def00000)
 ParOldGen       total 84992K, used 21994K [0x0000000084a00000, 0x0000000089d00000, 0x00000000d6e00000)
  object space 84992K, 25% used [0x0000000084a00000,0x0000000085f7a830,0x0000000089d00000)
 Metaspace       used 10800K, capacity 10902K, committed 11008K, reserved 1058816K
  class space    used 1174K, capacity 1203K, committed 1280K, reserved 1048576K
}
Event: 3,875 GC heap before
{Heap before GC invocations=5 (full 0):
 PSYoungGen      total 132096K, used 132073K [0x00000000d6e00000, 0x00000000df400000, 0x0000000100000000)
  eden space 126976K, 100% used [0x00000000d6e00000,0x00000000dea00000,0x00000000dea00000)
  from space 5120K, 99% used [0x00000000def00000,0x00000000df3fa500,0x00000000df400000)
  to   space 5120K, 0% used [0x00000000dea00000,0x00000000dea00000,0x00000000def00000)
 ParOldGen       total 84992K, used 21994K [0x0000000084a00000, 0x0000000089d00000, 0x00000000d6e00000)
  object space 84992K, 25% used [0x0000000084a00000,0x0000000085f7a830,0x0000000089d00000)
 Metaspace       used 10801K, capacity 10902K, committed 11008K, reserved 1058816K
  class space    used 1174K, capacity 1203K, committed 1280K, reserved 1048576K
Event: 3,888 GC heap after
Heap after GC invocations=5 (full 0):
 PSYoungGen      total 132096K, used 5107K [0x00000000d6e00000, 0x00000000e9100000, 0x0000000100000000)
  eden space 126976K, 0% used [0x00000000d6e00000,0x00000000d6e00000,0x00000000dea00000)
  from space 5120K, 99% used [0x00000000dea00000,0x00000000deefcf00,0x00000000def00000)
  to   space 22016K, 0% used [0x00000000e7b80000,0x00000000e7b80000,0x00000000e9100000)
 ParOldGen       total 84992K, used 38242K [0x0000000084a00000, 0x0000000089d00000, 0x00000000d6e00000)
  object space 84992K, 44% used [0x0000000084a00000,0x0000000086f58800,0x0000000089d00000)
 Metaspace       used 10801K, capacity 10902K, committed 11008K, reserved 1058816K
  class space    used 1174K, capacity 1203K, committed 1280K, reserved 1048576K
}
Event: 4,654 GC heap before
{Heap before GC invocations=6 (full 0):
 PSYoungGen      total 132096K, used 132083K [0x00000000d6e00000, 0x00000000e9100000, 0x0000000100000000)
  eden space 126976K, 100% used [0x00000000d6e00000,0x00000000dea00000,0x00000000dea00000)
  from space 5120K, 99% used [0x00000000dea00000,0x00000000deefcf00,0x00000000def00000)
  to   space 22016K, 0% used [0x00000000e7b80000,0x00000000e7b80000,0x00000000e9100000)
 ParOldGen       total 84992K, used 38242K [0x0000000084a00000, 0x0000000089d00000, 0x00000000d6e00000)
  object space 84992K, 44% used [0x0000000084a00000,0x0000000086f58800,0x0000000089d00000)
 Metaspace       used 10822K, capacity 10902K, committed 11008K, reserved 1058816K
  class space    used 1174K, capacity 1203K, committed 1280K, reserved 1048576K
Event: 4,800 GC heap after
Heap after GC invocations=6 (full 0):
 PSYoungGen      total 254976K, used 21988K [0x00000000d6e00000, 0x00000000eba00000, 0x0000000100000000)
  eden space 232960K, 0% used [0x00000000d6e00000,0x00000000d6e00000,0x00000000e5180000)
  from space 22016K, 99% used [0x00000000e7b80000,0x00000000e90f9278,0x00000000e9100000)
  to   space 43008K, 0% used [0x00000000e5180000,0x00000000e5180000,0x00000000e7b80000)
 ParOldGen       total 84992K, used 68786K [0x0000000084a00000, 0x0000000089d00000, 0x00000000d6e00000)
  object space 84992K, 80% used [0x0000000084a00000,0x0000000088d2c800,0x0000000089d00000)
 Metaspace       used 10822K, capacity 10902K, committed 11008K, reserved 1058816K
  class space    used 1174K, capacity 1203K, committed 1280K, reserved 1048576K
}
Event: 4,804 GC heap before
{Heap before GC invocations=7 (full 1):
 PSYoungGen      total 254976K, used 21988K [0x00000000d6e00000, 0x00000000eba00000, 0x0000000100000000)
  eden space 232960K, 0% used [0x00000000d6e00000,0x00000000d6e00000,0x00000000e5180000)
  from space 22016K, 99% used [0x00000000e7b80000,0x00000000e90f9278,0x00000000e9100000)
  to   space 43008K, 0% used [0x00000000e5180000,0x00000000e5180000,0x00000000e7b80000)
 ParOldGen       total 84992K, used 68786K [0x0000000084a00000, 0x0000000089d00000, 0x00000000d6e00000)
  object space 84992K, 80% used [0x0000000084a00000,0x0000000088d2c800,0x0000000089d00000)
 Metaspace       used 10822K, capacity 10902K, committed 11008K, reserved 1058816K
  class space    used 1174K, capacity 1203K, committed 1280K, reserved 1048576K
Event: 5,215 GC heap after
Heap after GC invocations=7 (full 1):
 PSYoungGen      total 254976K, used 2018K [0x00000000d6e00000, 0x00000000eba00000, 0x0000000100000000)
  eden space 232960K, 0% used [0x00000000d6e00000,0x00000000d6e00000,0x00000000e5180000)
  from space 22016K, 9% used [0x00000000e7b80000,0x00000000e7d78bc0,0x00000000e9100000)
  to   space 43008K, 0% used [0x00000000e5180000,0x00000000e5180000,0x00000000e7b80000)
 ParOldGen       total 162816K, used 84803K [0x0000000084a00000, 0x000000008e900000, 0x00000000d6e00000)
  object space 162816K, 52% used [0x0000000084a00000,0x0000000089cd0c90,0x000000008e900000)
 Metaspace       used 10822K, capacity 10902K, committed 11008K, reserved 1058816K
  class space    used 1174K, capacity 1203K, committed 1280K, reserved 1048576K
}
Event: 9,454 GC heap before
{Heap before GC invocations=8 (full 1):
 PSYoungGen      total 254976K, used 234978K [0x00000000d6e00000, 0x00000000eba00000, 0x0000000100000000)
  eden space 232960K, 100% used [0x00000000d6e00000,0x00000000e5180000,0x00000000e5180000)
  from space 22016K, 9% used [0x00000000e7b80000,0x00000000e7d78bc0,0x00000000e9100000)
  to   space 43008K, 0% used [0x00000000e5180000,0x00000000e5180000,0x00000000e7b80000)
 ParOldGen       total 162816K, used 84803K [0x0000000084a00000, 0x000000008e900000, 0x00000000d6e00000)
  object space 162816K, 52% used [0x0000000084a00000,0x0000000089cd0c90,0x000000008e900000)
 Metaspace       used 13160K, capacity 13206K, committed 13312K, reserved 1060864K
  class space    used 1445K, capacity 1459K, committed 1536K, reserved 1048576K

